Determining if the pthread_create exist failed with the following output:
Change Dir: /home/dungpb/Dev/C++/BackgroundSubtraction/cmake-build-debug/CMakeFiles/CMakeTmp

Run Build Command:"/usr/bin/make" "cmTC_d535f/fast"
/usr/bin/make -f CMakeFiles/cmTC_d535f.dir/build.make CMakeFiles/cmTC_d535f.dir/build
make[1]: Entering directory '/home/dungpb/Dev/C++/BackgroundSubtraction/cmake-build-debug/CMakeFiles/CMakeTmp'
Building C object CMakeFiles/cmTC_d535f.dir/CheckSymbolExists.c.o
/usr/bin/cc   -fPIC    -o CMakeFiles/cmTC_d535f.dir/CheckSymbolExists.c.o   -c /home/dungpb/Dev/C++/BackgroundSubtraction/cmake-build-debug/CMakeFiles/CMakeTmp/CheckSymbolExists.c
Linking C executable cmTC_d535f
/home/dungpb/Downloads/clion-2018.3.4/bin/cmake/linux/bin/cmake -E cmake_link_script CMakeFiles/cmTC_d535f.dir/link.txt --verbose=1
/usr/bin/cc -fPIC     CMakeFiles/cmTC_d535f.dir/CheckSymbolExists.c.o  -o cmTC_d535f 
CMakeFiles/cmTC_d535f.dir/CheckSymbolExists.c.o: In function `main':
CheckSymbolExists.c:(.text+0x1b): undefined reference to `pthread_create'
collect2: error: ld returned 1 exit status
CMakeFiles/cmTC_d535f.dir/build.make:86: recipe for target 'cmTC_d535f' failed
make[1]: *** [cmTC_d535f] Error 1
make[1]: Leaving directory '/home/dungpb/Dev/C++/BackgroundSubtraction/cmake-build-debug/CMakeFiles/CMakeTmp'
Makefile:121: recipe for target 'cmTC_d535f/fast' failed
make: *** [cmTC_d535f/fast] Error 2

File /home/dungpb/Dev/C++/BackgroundSubtraction/cmake-build-debug/CMakeFiles/CMakeTmp/CheckSymbolExists.c:
/* */
#include <pthread.h>

int main(int argc, char** argv)
{
  (void)argv;
#ifndef pthread_create
  return ((int*)(&pthread_create))[argc];
#else
  (void)argc;
  return 0;
#endif
}

Determining if the function pthread_create exists in the pthreads failed with the following output:
Change Dir: /home/dungpb/Dev/C++/BackgroundSubtraction/cmake-build-debug/CMakeFiles/CMakeTmp

Run Build Command:"/usr/bin/make" "cmTC_24b05/fast"
/usr/bin/make -f CMakeFiles/cmTC_24b05.dir/build.make CMakeFiles/cmTC_24b05.dir/build
make[1]: Entering directory '/home/dungpb/Dev/C++/BackgroundSubtraction/cmake-build-debug/CMakeFiles/CMakeTmp'
Building C object CMakeFiles/cmTC_24b05.dir/CheckFunctionExists.c.o
/usr/bin/cc   -fPIC -DCHECK_FUNCTION_EXISTS=pthread_create   -o CMakeFiles/cmTC_24b05.dir/CheckFunctionExists.c.o   -c /home/dungpb/Downloads/clion-2018.3.4/bin/cmake/linux/share/cmake-3.13/Modules/CheckFunctionExists.c
Linking C executable cmTC_24b05
/home/dungpb/Downloads/clion-2018.3.4/bin/cmake/linux/bin/cmake -E cmake_link_script CMakeFiles/cmTC_24b05.dir/link.txt --verbose=1
/usr/bin/cc -fPIC -DCHECK_FUNCTION_EXISTS=pthread_create    CMakeFiles/cmTC_24b05.dir/CheckFunctionExists.c.o  -o cmTC_24b05 -lpthreads 
/usr/bin/ld: cannot find -lpthreads
collect2: error: ld returned 1 exit status
CMakeFiles/cmTC_24b05.dir/build.make:86: recipe for target 'cmTC_24b05' failed
make[1]: *** [cmTC_24b05] Error 1
make[1]: Leaving directory '/home/dungpb/Dev/C++/BackgroundSubtraction/cmake-build-debug/CMakeFiles/CMakeTmp'
Makefile:121: recipe for target 'cmTC_24b05/fast' failed
make: *** [cmTC_24b05/fast] Error 2


